Build started 4/25/2013 8:02:37 PM.
     1>Project "C:\Users\Zachary\Desktop\CSE469\Forensics\AAA_B\AAA_B.vcxproj" on node 2 (build target(s)).
     1>InitializeBuildStatus:
         Creating "Debug\AAA_B.unsuccessfulbuild" because "AlwaysCreate" was specified.
       ClCompile:
         c:\Program Files (x86)\Microsoft Visual Studio 10.0\VC\bin\CL.exe /c /ZI /nologo /W3 /WX- /Od /Oy- /D _MBCS /Gm /EHsc /RTC1 /MDd /GS /fp:precise /Zc:wchar_t /Zc:forScope /Fo"Debug\\" /Fd"Debug\vc100.pdb" /Gd /TP /analyze- /errorReport:prompt main.cpp
         main.cpp
     1>c:\users\zachary\desktop\cse469\forensics\aaa_b\main.cpp(8): warning C4273: 'abort' : inconsistent dll linkage
                 c:\program files (x86)\microsoft visual studio 10.0\vc\include\stdlib.h(355) : see previous definition of 'abort'
       Link:
         c:\Program Files (x86)\Microsoft Visual Studio 10.0\VC\bin\link.exe /ERRORREPORT:PROMPT /OUT:"C:\Users\Zachary\Desktop\CSE469\Forensics\Debug\AAA_B.exe" /NOLOGO kernel32.lib user32.lib gdi32.lib winspool.lib comdlg32.lib advapi32.lib shell32.lib ole32.lib oleaut32.lib uuid.lib odbc32.lib odbccp32.lib /MANIFEST /ManifestFile:"Debug\AAA_B.exe.intermediate.manifest" /MANIFESTUAC:"level='asInvoker' uiAccess='false'" /DEBUG /PDB:"C:\Users\Zachary\Desktop\CSE469\Forensics\Debug\AAA_B.pdb" /TLBID:1 /DYNAMICBASE /NXCOMPAT /IMPLIB:"C:\Users\Zachary\Desktop\CSE469\Forensics\Debug\AAA_B.lib" /MACHINE:X86 Debug\AAA.obj
         Debug\main.obj
         LINK : C:\Users\Zachary\Desktop\CSE469\Forensics\Debug\AAA_B.exe not found or not built by the last incremental link; performing full link
            Creating library C:\Users\Zachary\Desktop\CSE469\Forensics\Debug\AAA_B.lib and object C:\Users\Zachary\Desktop\CSE469\Forensics\Debug\AAA_B.exp
         AAA_B.vcxproj -> C:\Users\Zachary\Desktop\CSE469\Forensics\Debug\AAA_B.exe
       Manifest:
         C:\Program Files (x86)\Microsoft SDKs\Windows\v7.0A\bin\mt.exe /nologo /verbose /outputresource:"C:\Users\Zachary\Desktop\CSE469\Forensics\Debug\AAA_B.exe;#1" /manifest Debug\AAA_B.exe.intermediate.manifest
       FinalizeBuildStatus:
         Deleting file "Debug\AAA_B.unsuccessfulbuild".
         Touching "Debug\AAA_B.lastbuildstate".
     1>Done Building Project "C:\Users\Zachary\Desktop\CSE469\Forensics\AAA_B\AAA_B.vcxproj" (build target(s)).

Build succeeded.

Time Elapsed 00:00:01.28
