Build started 4/14/2013 5:55:52 PM.
     1>Project "C:\Users\Zachary\Desktop\CSE469\Forensics\address4forenscis\address4forenscis.vcxproj" on node 2 (build target(s)).
     1>InitializeBuildStatus:
         Creating "Debug\address4forensics.unsuccessfulbuild" because "AlwaysCreate" was specified.
       ClCompile:
         c:\Program Files\Microsoft Visual Studio 10.0\VC\bin\CL.exe /c /ZI /nologo /W3 /WX- /Od /Oy- /D _MBCS /Gm /EHsc /RTC1 /MDd /GS /fp:precise /Zc:wchar_t /Zc:forScope /Fo"Debug\\" /Fd"Debug\vc100.pdb" /Gd /TP /analyze- /errorReport:prompt ..\..\..\..\Dropbox\Forensics\address4forensics\main.cpp
         main.cpp
     1>c:\users\zachary\dropbox\forensics\address4forensics\main.cpp(32): warning C4018: '<' : signed/unsigned mismatch
       Link:
         c:\Program Files\Microsoft Visual Studio 10.0\VC\bin\link.exe /ERRORREPORT:PROMPT /OUT:"C:\Users\Zachary\Desktop\CSE469\Forensics\Debug\address4forensics.exe" /NOLOGO kernel32.lib user32.lib gdi32.lib winspool.lib comdlg32.lib advapi32.lib shell32.lib ole32.lib oleaut32.lib uuid.lib odbc32.lib odbccp32.lib /MANIFEST /ManifestFile:"Debug\address4forensics.exe.intermediate.manifest" /MANIFESTUAC:"level='asInvoker' uiAccess='false'" /DEBUG /PDB:"C:\Users\Zachary\Desktop\CSE469\Forensics\Debug\address4forensics.pdb" /TLBID:1 /DYNAMICBASE /NXCOMPAT /IMPLIB:"C:\Users\Zachary\Desktop\CSE469\Forensics\Debug\address4forensics.lib" /MACHINE:X86 Debug\main.obj
         LINK : C:\Users\Zachary\Desktop\CSE469\Forensics\Debug\address4forensics.exe not found or not built by the last incremental link; performing full link
         address4forenscis.vcxproj -> C:\Users\Zachary\Desktop\CSE469\Forensics\Debug\address4forensics.exe
       Manifest:
         C:\Program Files\Microsoft SDKs\Windows\v7.0A\bin\mt.exe /nologo /verbose /outputresource:"C:\Users\Zachary\Desktop\CSE469\Forensics\Debug\address4forensics.exe;#1" /manifest Debug\address4forensics.exe.intermediate.manifest
       FinalizeBuildStatus:
         Deleting file "Debug\address4forensics.unsuccessfulbuild".
         Touching "Debug\address4forensics.lastbuildstate".
     1>Done Building Project "C:\Users\Zachary\Desktop\CSE469\Forensics\address4forenscis\address4forenscis.vcxproj" (build target(s)).

Build succeeded.

Time Elapsed 00:00:09.08
