Build started 4/14/2013 10:08:53 PM.
     1>Project "C:\Users\Zachary\Desktop\CSE469\Forensics\mac_conversion\mac_conversion.vcxproj" on node 2 (build target(s)).
     1>InitializeBuildStatus:
         Creating "Debug\mac_conversion.unsuccessfulbuild" because "AlwaysCreate" was specified.
       ClCompile:
         c:\Program Files\Microsoft Visual Studio 10.0\VC\bin\CL.exe /c /ZI /nologo /W3 /WX- /Od /Oy- /D _MBCS /Gm /EHsc /RTC1 /MDd /GS /fp:precise /Zc:wchar_t /Zc:forScope /Fo"Debug\\" /Fd"Debug\vc100.pdb" /Gd /TP /analyze- /errorReport:prompt main.cpp
         main.cpp
     1>c:\users\zachary\desktop\cse469\forensics\mac_conversion\main.cpp(17): warning C4018: '<' : signed/unsigned mismatch
     1>cl : Command line warning D9028: minimal rebuild failure, reverting to normal build
       Link:
         c:\Program Files\Microsoft Visual Studio 10.0\VC\bin\link.exe /ERRORREPORT:PROMPT /OUT:"C:\Users\Zachary\Desktop\CSE469\Forensics\Debug\mac_conversion.exe" /NOLOGO kernel32.lib user32.lib gdi32.lib winspool.lib comdlg32.lib advapi32.lib shell32.lib ole32.lib oleaut32.lib uuid.lib odbc32.lib odbccp32.lib /MANIFEST /ManifestFile:"Debug\mac_conversion.exe.intermediate.manifest" /MANIFESTUAC:"level='asInvoker' uiAccess='false'" /DEBUG /PDB:"C:\Users\Zachary\Desktop\CSE469\Forensics\Debug\mac_conversion.pdb" /TLBID:1 /DYNAMICBASE /NXCOMPAT /IMPLIB:"C:\Users\Zachary\Desktop\CSE469\Forensics\Debug\mac_conversion.lib" /MACHINE:X86 Debug\main.obj
         mac_conversion.vcxproj -> C:\Users\Zachary\Desktop\CSE469\Forensics\Debug\mac_conversion.exe
       Manifest:
         C:\Program Files\Microsoft SDKs\Windows\v7.0A\bin\mt.exe /nologo /verbose /outputresource:"C:\Users\Zachary\Desktop\CSE469\Forensics\Debug\mac_conversion.exe;#1" /manifest Debug\mac_conversion.exe.intermediate.manifest
       FinalizeBuildStatus:
         Deleting file "Debug\mac_conversion.unsuccessfulbuild".
         Touching "Debug\mac_conversion.lastbuildstate".
     1>Done Building Project "C:\Users\Zachary\Desktop\CSE469\Forensics\mac_conversion\mac_conversion.vcxproj" (build target(s)).

Build succeeded.

Time Elapsed 00:00:07.12
